<?xml version="1.0" encoding="UTF-8"?>
<testng-results skipped="0" failed="0" total="2" passed="2">
  <reporter-output>
  </reporter-output>
  <suite name="Ant suite" duration-ms="7" started-at="2015-11-02T17:49:37Z" finished-at="2015-11-02T17:49:37Z">
    <groups>
    </groups>
    <test name="Ant test" duration-ms="7" started-at="2015-11-02T17:49:37Z" finished-at="2015-11-02T17:49:37Z">
      <class name="TestCase1">
        <test-method status="PASS" signature="serviceCall()[pri:0, instance:TestCase1@4947c4ee]" name="serviceCall" duration-ms="4" started-at="2015-11-02T09:49:37Z" finished-at="2015-11-02T09:49:37Z">
          <reporter-output>
          </reporter-output>
        </test-method> <!-- serviceCall -->
      </class> <!-- TestCase1 -->
    </test> <!-- Ant test -->
  </suite> <!-- Ant suite -->
  <suite name="Test-All" duration-ms="88" started-at="2015-11-02T17:49:37Z" finished-at="2015-11-02T17:49:37Z">
    <groups>
    </groups>
    <test name="TestGroup" duration-ms="88" started-at="2015-11-02T17:49:37Z" finished-at="2015-11-02T17:49:37Z">
      <class name="TestCase1">
        <test-method status="PASS" signature="serviceCall()[pri:0, instance:TestCase1@113ee167]" name="serviceCall" duration-ms="61" started-at="2015-11-02T09:49:37Z" finished-at="2015-11-02T09:49:37Z">
          <reporter-output>
          </reporter-output>
        </test-method> <!-- serviceCall -->
      </class> <!-- TestCase1 -->
    </test> <!-- TestGroup -->
  </suite> <!-- Test-All -->
</testng-results>
